<?xml version="1.0" encoding="UTF-8"?>
<!-- Generated by org.testng.reporters.JUnitXMLReporter -->
<testsuite ignored="0" hostname="LAPTOP-B8A8UDTS" failures="0" tests="4" name="TestNG" time="85.458" errors="0" timestamp="2022-12-14T16:17:37 EST">
  <testcase classname="testLayer.ContactusTest" name="Title" time="0.012"/>
  <testcase classname="testLayer.ContactusTest" name="contactus" time="0.207"/>
  <testcase classname="testLayer.ContactusTest" name="contactus" time="0.202"/>
  <testcase classname="testLayer.ContactusTest" name="contactus" time="0.216"/>
</testsuite> <!-- TestNG -->
