<?xml version="1.0" encoding="UTF-8"?>
<!-- Generated by org.testng.reporters.JUnitXMLReporter -->
<testsuite ignored="0" hostname="LAPTOP-B8A8UDTS" failures="0" tests="4" name="Default test" time="68.876" errors="0" timestamp="2022-12-13T03:26:10 EST">
  <testcase classname="testLayer.ContactusTest" name="Title" time="0.011"/>
  <testcase classname="testLayer.ContactusTest" name="contactus" time="0.249"/>
  <testcase classname="testLayer.ContactusTest" name="contactus" time="0.206"/>
  <testcase classname="testLayer.ContactusTest" name="contactus" time="0.199"/>
</testsuite> <!-- Default test -->
